#
# A fatal error has been detected by the Java Runtime Environment:
#
#  EXCEPTION_ACCESS_VIOLATION (0xc0000005) at pc=0x63b4c223, pid=6408, tid=4044
#
# JRE version: 7.0_03-b05
# Java VM: Java HotSpot(TM) Client VM (22.1-b02 mixed mode, sharing windows-x86 )
# Problematic frame:
# C  [jnetpcap.dll+0xc223]
#
# Failed to write core dump. Minidumps are not enabled by default on client versions of Windows
#
# If you would like to submit a bug report, please visit:
#   http://bugreport.sun.com/bugreport/crash.jsp
# The crash happened outside the Java Virtual Machine in native code.
# See problematic frame for where to report the bug.
#

---------------  T H R E A D  ---------------

Current thread (0x05e63400):  JavaThread "OneSideIO-3" [_thread_in_native, id=4044, stack(0x047a0000,0x047f0000)]

siginfo: ExceptionCode=0xc0000005, reading address 0x02358000

Registers:
EAX=0x0010ebfa, EBX=0x00000000, ECX=0x0470f310, EDX=0x02249406
ESP=0x047eeed0, EBP=0x047eef18, ESI=0x33d4a668, EDI=0x05e63400
EIP=0x63b4c223, EFLAGS=0x00010206

Top of Stack: (sp=0x047eeed0)
0x047eeed0:   8f4e70fb fffffffe 02249406 0010ebfa
0x047eeee0:   05e63528 047eef84 00000022 38c5ea98
0x047eeef0:   04d9c2c8 0470f310 047eef18 63b47b15
0x047eef00:   0470f310 26f3d14e 00000004 0470f338
0x047eef10:   0470f310 33d4a668 047eef38 63b4f96d
0x047eef20:   0470f310 047eef84 05e63400 047eef4c
0x047eef30:   0470f310 63b4c15e 047eef74 01f1a5b7
0x047eef40:   05e63528 047eef88 047eef84 00000000 

Instructions: (pc=0x63b4c223)
0x63b4c203:   55 08 8b 45 ec 89 42 30 c7 45 c4 00 00 00 00 8b
0x63b4c213:   45 ec 83 e8 04 3b 45 c4 7e 49 8b 45 c4 8b 55 c0
0x63b4c223:   80 3c 10 0d 75 36 8b 45 c0 03 45 c4 40 80 38 0a
0x63b4c233:   75 2a 8b 45 c0 03 45 c4 83 c0 02 80 38 0d 75 1c 


Register to memory mapping:

EAX=0x0010ebfa is an unknown value
EBX=0x00000000 is an unknown value
ECX=0x0470f310 is pointing into the stack for thread: 0x05e62c00
EDX=0x02248d88 [CodeBlob (0x02248d88)]
Framesize: 24
ESP=0x047eeed0 is pointing into the stack for thread: 0x05e63400
EBP=0x047eef18 is pointing into the stack for thread: 0x05e63400
ESI=0x33d4a668 is an oop
{method} 
 - klass: {other class}
EDI=0x05e63400 is a thread


Stack: [0x047a0000,0x047f0000],  sp=0x047eeed0,  free space=315k
Native frames: (J=compiled Java code, j=interpreted, Vv=VM code, C=native code)
C  [jnetpcap.dll+0xc223]  Z9scan_httpP6scan_t+0xc5
C  [jnetpcap.dll+0xf96d]  Java_org_jnetpcap_packet_JHeaderScanner_nativeScan+0x4b
j  org.jnetpcap.packet.JHeaderScanner.nativeScan(Lorg/jnetpcap/packet/JScan;)V+0
j  org.jnetpcap.packet.JHeaderScanner.scanHeader(Lorg/jnetpcap/packet/JScan;)V+27
v  ~StubRoutines::call_stub
V  [jvm.dll+0x123c0a]
V  [jvm.dll+0x1c9e8e]
V  [jvm.dll+0x123c8d]
V  [jvm.dll+0xa956a]
V  [jvm.dll+0xace23]
C  [jnetpcap.dll+0x11ed8]  ZN10_Jv_JNIEnv14CallVoidMethodEP9__jobjectPvz+0x34
C  [jnetpcap.dll+0xaf82]  Z21callJavaHeaderScannerP6scan_t+0xa4
C  [jnetpcap.dll+0xa92f]  Z4scanP10_Jv_JNIEnvP9__jobjectS2_P9scanner_tP14packet_state_tiPcij+0x10f
C  [jnetpcap.dll+0xb0a3]  Z11scanJPacketP10_Jv_JNIEnvP9__jobjectS2_S2_P9scanner_tiPcij+0x11f
C  [jnetpcap.dll+0xb6c3]  Java_org_jnetpcap_packet_JScanner_scan+0xe1
J  org.jnetpcap.packet.JScanner.scan(Lorg/jnetpcap/packet/JPacket;Lorg/jnetpcap/packet/JPacket$State;II)I
J  OneSideIO$1.nextPacket(Lorg/jnetpcap/packet/PcapPacket;Ljava/util/Queue;)V
V  [jvm.dll+0x123c0a]
V  [jvm.dll+0x1c9e8e]
V  [jvm.dll+0x123c8d]
V  [jvm.dll+0xa956a]
V  [jvm.dll+0xace23]
C  [jnetpcap.dll+0x11ed8]  ZN10_Jv_JNIEnv14CallVoidMethodEP9__jobjectPvz+0x34
C  [jnetpcap.dll+0x5a41]  cb_pcap_packet_dispatch+0x145

Java frames: (J=compiled Java code, j=interpreted, Vv=VM code)
j  org.jnetpcap.packet.JHeaderScanner.nativeScan(Lorg/jnetpcap/packet/JScan;)V+0
j  org.jnetpcap.packet.JHeaderScanner.scanHeader(Lorg/jnetpcap/packet/JScan;)V+27
v  ~StubRoutines::call_stub
J  org.jnetpcap.packet.JScanner.scan(Lorg/jnetpcap/packet/JPacket;Lorg/jnetpcap/packet/JPacket$State;II)I
J  OneSideIO$1.nextPacket(Lorg/jnetpcap/packet/PcapPacket;Ljava/util/Queue;)V
J  OneSideIO$1.nextPacket(Lorg/jnetpcap/packet/PcapPacket;Ljava/lang/Object;)V
v  ~StubRoutines::call_stub
j  org.jnetpcap.Pcap.loop(IILorg/jnetpcap/packet/PcapPacketHandler;Ljava/lang/Object;Lorg/jnetpcap/packet/JPacket;Lorg/jnetpcap/packet/JPacket$State;Lorg/jnetpcap/PcapHeader;Lorg/jnetpcap/packet/JScanner;)I+0
j  org.jnetpcap.Pcap.loop(ILorg/jnetpcap/packet/PcapPacketHandler;Ljava/lang/Object;)I+35
j  OneSideIO.run()V+19
j  java.lang.Thread.run()V+11
v  ~StubRoutines::call_stub

---------------  P R O C E S S  ---------------

Java Threads: ( => current thread )
  0x05e63800 JavaThread "Thread-7" [_thread_in_native, id=7724, stack(0x04710000,0x04760000)]
=>0x05e63400 JavaThread "OneSideIO-3" [_thread_in_native, id=4044, stack(0x047a0000,0x047f0000)]
  0x05e62c00 JavaThread "PacketFilter" [_thread_blocked, id=5936, stack(0x046c0000,0x04710000)]
  0x05e62400 JavaThread "PacketFilter" [_thread_in_vm, id=7992, stack(0x045b0000,0x04600000)]
  0x05e62000 JavaThread "OneSideIO-0" [_thread_in_native, id=736, stack(0x04520000,0x04570000)]
  0x058b6800 JavaThread "PukiwikiCommunicator" [_thread_in_native, id=6200, stack(0x09d10000,0x09d60000)]
  0x03f16400 JavaThread "TimerQueue" daemon [_thread_blocked, id=5528, stack(0x09760000,0x097b0000)]
  0x05ac0000 JavaThread "MatrixPanelThread" [_thread_blocked, id=6800, stack(0x095e0000,0x09630000)]
  0x05a58400 JavaThread "DestroyJavaVM" [_thread_blocked, id=5480, stack(0x007d0000,0x00820000)]
  0x040d8400 JavaThread "AWT-EventQueue-0" [_thread_in_Java, id=7492, stack(0x04aa0000,0x04af0000)]
  0x040aec00 JavaThread "DisposableGC" daemon [_thread_blocked, id=5004, stack(0x04a40000,0x04a90000)]
  0x03fc1c00 JavaThread "AWT-Windows" daemon [_thread_in_native, id=7380, stack(0x04270000,0x042c0000)]
  0x03fc1400 JavaThread "AWT-Shutdown" [_thread_blocked, id=8068, stack(0x04400000,0x04450000)]
  0x03fbf000 JavaThread "Java2D Disposer" daemon [_thread_blocked, id=5616, stack(0x042c0000,0x04310000)]
  0x03f27000 JavaThread "Service Thread" daemon [_thread_blocked, id=6304, stack(0x01050000,0x010a0000)]
  0x03f1c000 JavaThread "C1 CompilerThread0" daemon [_thread_blocked, id=7284, stack(0x04110000,0x04160000)]
  0x03f1b000 JavaThread "Attach Listener" daemon [_thread_blocked, id=2016, stack(0x041a0000,0x041f0000)]
  0x03f16c00 JavaThread "Signal Dispatcher" daemon [_thread_blocked, id=6548, stack(0x010d0000,0x01120000)]
  0x00e67400 JavaThread "Finalizer" daemon [_thread_blocked, id=5352, stack(0x01210000,0x01260000)]
  0x00e61c00 JavaThread "Reference Handler" daemon [_thread_blocked, id=4028, stack(0x01150000,0x011a0000)]

Other Threads:
  0x00e5d400 VMThread [stack: 0x00f80000,0x00fd0000] [id=5984]
  0x03f47400 WatcherThread [stack: 0x011c0000,0x01210000] [id=3536]

VM state:not at safepoint (normal execution)

VM Mutex/Monitor currently owned by a thread: None

Heap
 def new generation   total 14144K, used 2831K [0x23c30000, 0x24b80000, 0x29180000)
  eden space 12608K,  19% used [0x23c30000, 0x23e8d280, 0x24880000)
  from space 1536K,  26% used [0x24880000, 0x248e6ac0, 0x24a00000)
  to   space 1536K,   0% used [0x24a00000, 0x24a00000, 0x24b80000)
 tenured generation   total 31180K, used 22622K [0x29180000, 0x2aff3000, 0x33c30000)
   the space 31180K,  72% used [0x29180000, 0x2a797b18, 0x2a797c00, 0x2aff3000)
 compacting perm gen  total 12288K, used 3450K [0x33c30000, 0x34830000, 0x37c30000)
   the space 12288K,  28% used [0x33c30000, 0x33f8e980, 0x33f8ea00, 0x34830000)
    ro space 10240K,  42% used [0x37c30000, 0x3806db28, 0x3806dc00, 0x38630000)
    rw space 12288K,  54% used [0x38630000, 0x38cae400, 0x38cae400, 0x39230000)

Code Cache  [0x01f10000, 0x02358000, 0x03f10000)
 total_blobs=2784 nmethods=2541 adapters=176 free_code_cache=28399Kb largest_free_block=29080576

Dynamic libraries:
0x012e0000 - 0x0130f000 	C:\Program Files\Java\jre7\bin\javaw.exe
0x773b0000 - 0x774ec000 	C:\windows\SYSTEM32\ntdll.dll
0x770e0000 - 0x771b4000 	C:\windows\system32\kernel32.dll
0x756b0000 - 0x756fa000 	C:\windows\system32\KERNELBASE.dll
0x76d30000 - 0x76dd0000 	C:\windows\system32\ADVAPI32.dll
0x76a80000 - 0x76b2c000 	C:\windows\system32\msvcrt.dll
0x774f0000 - 0x77509000 	C:\windows\SYSTEM32\sechost.dll
0x75b10000 - 0x75bb1000 	C:\windows\system32\RPCRT4.dll
0x76920000 - 0x769e9000 	C:\windows\system32\USER32.dll
0x77590000 - 0x775de000 	C:\windows\system32\GDI32.dll
0x759e0000 - 0x759ea000 	C:\windows\system32\LPK.dll
0x75c30000 - 0x75ccd000 	C:\windows\system32\USP10.dll
0x74440000 - 0x745de000 	C:\windows\WinSxS\x86_microsoft.windows.common-controls_6595b64144ccf1df_6.0.7601.17514_none_41e6975e2bd6f2b2\COMCTL32.dll
0x77530000 - 0x77587000 	C:\windows\system32\SHLWAPI.dll
0x75470000 - 0x754bc000 	C:\windows\system32\apphelp.dll
0x5a590000 - 0x5a7e9000 	C:\windows\AppPatch\AcXtrnal.DLL
0x77510000 - 0x7752f000 	C:\windows\system32\IMM32.DLL
0x771c0000 - 0x7728c000 	C:\windows\system32\MSCTF.dll
0x5a4d0000 - 0x5a58e000 	C:\Program Files\Java\jre7\bin\msvcr100.dll
0x5d0c0000 - 0x5d3e8000 	C:\Program Files\Java\jre7\bin\client\jvm.dll
0x74af0000 - 0x74af7000 	C:\windows\system32\WSOCK32.dll
0x770a0000 - 0x770d5000 	C:\windows\system32\WS2_32.dll
0x76d10000 - 0x76d16000 	C:\windows\system32\NSI.dll
0x73630000 - 0x73662000 	C:\windows\system32\WINMM.dll
0x76d20000 - 0x76d25000 	C:\windows\system32\PSAPI.DLL
0x737d0000 - 0x737dc000 	C:\Program Files\Java\jre7\bin\verify.dll
0x73230000 - 0x73250000 	C:\Program Files\Java\jre7\bin\java.dll
0x70440000 - 0x70453000 	C:\Program Files\Java\jre7\bin\zip.dll
0x5a380000 - 0x5a4c2000 	C:\Program Files\Java\jre7\bin\awt.dll
0x769f0000 - 0x76a7f000 	C:\windows\system32\OLEAUT32.dll
0x76b60000 - 0x76cbc000 	C:\windows\system32\ole32.dll
0x74190000 - 0x741a3000 	C:\windows\system32\DWMAPI.DLL
0x74400000 - 0x74440000 	C:\windows\system32\uxtheme.dll
0x754c0000 - 0x754cc000 	C:\windows\system32\CRYPTBASE.dll
0x75cd0000 - 0x7691a000 	C:\windows\system32\SHELL32.dll
0x63b40000 - 0x63b6b000 	C:\workshop\security\trafficviewer\lib\jnetpcap.dll
0x10000000 - 0x1004c000 	C:\windows\system32\wpcap.dll
0x00f60000 - 0x00f78000 	C:\windows\system32\packet.dll
0x74ae0000 - 0x74ae9000 	C:\windows\system32\VERSION.dll
0x73180000 - 0x7319c000 	C:\windows\system32\iphlpapi.dll
0x73170000 - 0x73177000 	C:\windows\system32\WINNSI.DLL
0x69a10000 - 0x69a3a000 	C:\Program Files\Java\jre7\bin\fontmanager.dll
0x72880000 - 0x7288d000 	C:\windows\system32\dhcpcsvc6.DLL
0x72860000 - 0x72872000 	C:\windows\system32\dhcpcsvc.DLL
0x6f910000 - 0x6f924000 	C:\Program Files\Java\jre7\bin\net.dll
0x74f80000 - 0x74fbc000 	C:\windows\system32\mswsock.dll
0x74f70000 - 0x74f76000 	C:\windows\System32\wship6.dll
0x73280000 - 0x7328f000 	C:\Program Files\Java\jre7\bin\nio.dll
0x681e0000 - 0x68211000 	C:\Program Files\Java\jre7\bin\t2k.dll
0x76dd0000 - 0x76e53000 	C:\windows\system32\CLBCatQ.DLL
0x72d50000 - 0x72e49000 	C:\windows\system32\ime\imejp10\imjptip.dll
0x737f0000 - 0x7382c000 	C:\windows\system32\OLEACC.dll
0x72c50000 - 0x72d08000 	C:\windows\system32\imjp10k.dll
0x729f0000 - 0x72a4e000 	C:\windows\system32\ime\shared\imetip.dll
0x72960000 - 0x7296b000 	C:\windows\system32\ime\shared\imecfm.dll
0x728f0000 - 0x7294c000 	C:\windows\system32\ime\imejp10\imjpapi.dll
0x728c0000 - 0x728e3000 	C:\windows\system32\ime\shared\imjkapi.dll
0x73db0000 - 0x73eab000 	C:\windows\system32\WindowsCodecs.dll
0x08af0000 - 0x08b17000 	C:\Program Files\TOSHIBA\TFPU\TFPUOverlayIcon.dll
0x6e0b0000 - 0x6e0db000 	C:\windows\WinSxS\x86_microsoft.vc90.atl_1fc8b3b9a1e18e3b_9.0.30729.6161_none_51cd0a7abbe4e19b\ATL90.DLL
0x73af0000 - 0x73b93000 	C:\windows\WinSxS\x86_microsoft.vc90.crt_1fc8b3b9a1e18e3b_9.0.30729.6161_none_50934f2ebcb7eb57\MSVCR90.dll
0x08b20000 - 0x08b37000 	C:\Users\yamanoue\AppData\Roaming\Dropbox\bin\DropboxExt.14.dll
0x72e50000 - 0x72f3b000 	C:\windows\system32\dbghelp.dll
0x7c3a0000 - 0x7c41b000 	C:\Users\yamanoue\AppData\Roaming\Dropbox\bin\MSVCP71.dll
0x7c340000 - 0x7c396000 	C:\Users\yamanoue\AppData\Roaming\Dropbox\bin\MSVCR71.dll
0x6e070000 - 0x6e0a1000 	C:\windows\system32\EhStorShell.dll
0x75840000 - 0x759dd000 	C:\windows\system32\SETUPAPI.dll
0x755f0000 - 0x75617000 	C:\windows\system32\CFGMGR32.dll
0x75820000 - 0x75832000 	C:\windows\system32\DEVOBJ.dll
0x73fc0000 - 0x740b5000 	C:\windows\system32\PROPSYS.dll
0x6e000000 - 0x6e06a000 	C:\windows\System32\cscui.dll
0x6dff0000 - 0x6dff9000 	C:\windows\System32\CSCDLL.dll
0x6fbb0000 - 0x6fbbb000 	C:\windows\system32\CSCAPI.dll
0x6df80000 - 0x6dff0000 	C:\windows\system32\ntshrui.dll
0x75290000 - 0x752a9000 	C:\windows\system32\srvcli.dll
0x73420000 - 0x7342a000 	C:\windows\system32\slc.dll
0x74a30000 - 0x74a35000 	C:\windows\System32\wshtcpip.dll
0x74e40000 - 0x74e84000 	C:\windows\system32\DNSAPI.dll
0x72130000 - 0x72157000 	C:\Program Files\Common Files\Microsoft Shared\Windows Live\WLIDNSP.DLL
0x72100000 - 0x72121000 	C:\Program Files\Bonjour\mdnsNSP.dll
0x720f0000 - 0x720f6000 	C:\windows\system32\rasadhlp.dll
0x729b0000 - 0x729e8000 	C:\windows\System32\fwpuclnt.dll

VM Arguments:
jvm_args: -Djava.library.path=C:\workshop\security\trafficviewer\lib -Dfile.encoding=UTF-8 
java_command: MainFrame
Launcher Type: SUN_STANDARD

Environment Variables:
CLASSPATH=.;.;C:\PROGRA~1\JMF21~1.1E\lib\sound.jar;C:\PROGRA~1\JMF21~1.1E\lib\jmf.jar;C:\PROGRA~1\JMF21~1.1E\lib;
PATH=C:/Program Files/Java/jre7/bin/client;C:/Program Files/Java/jre7/bin;C:/Program Files/Java/jre7/lib/i386;C:\Program Files\Common Files\Microsoft Shared\Windows Live;C:\Xilinx\10.1\ISE\bin\nt;C:\Xilinx\10.1\ISE\lib\nt;C:\Xilinx\10.1\ISE\smartmodel\nt\installed_nt\lib\pcnt.lib;c:\program files\imagemagick-6.2.8-q16;C:\windows\system32;C:\windows;C:\windows\System32\Wbem;C:\windows\System32\WindowsPowerShell\v1.0\;c:\android-sdk-windows\tools;c:\workshop\coins\coins-1.4.4-ja\javacc-5.0\bin;c:\Program files\java\jdk1.7.0_03\bin;c:\cygwin\gnuarm\bin;C:\Program Files\KPIT Cummins\GNUH8v0903-ELF\h8300-elf\bin;C:\Program Files\KPIT Cummins\GNUH8v0903-ELF\h8300-elf\libexec\gcc\h8300-elf\4.4-GNUH8_V0903;c:\cygwin\bin;C:\Program Files\Microchip\MPLAB C32 Suite\bin;C:\Program Files\Intel\WiFi\bin\;C:\Program Files\Common Files\Intel\WirelessCommon\;C:\eclipse\agentctrl.win_ia32-TPTP-4.7.0\bin;C:\Program Files\Windows Live\Shared;C:\Program Files\Toshiba\Bluetooth Toshiba Stack\sys\;C:\xampp\php\libeay32.dll;c:\xampp\php\ssleay32.dll;C:\VXIPNP\WinNT\Bin;C:\Program Files\Flash Magic;C:\Program Files\leJOS NXJ\bin;C:\Program Files\QuickTime\QTSystem\;c:\cygwin\bin;C:\Program Files\Nmap;c:\Program Files\Android\android-sdk\platform-tools;C:\eclipse;
USERNAME=yamanoue
OS=Windows_NT
PROCESSOR_IDENTIFIER=x86 Family 6 Model 23 Stepping 10, GenuineIntel



---------------  S Y S T E M  ---------------

OS: Windows 7 Build 7601 Service Pack 1

CPU:total 2 (2 cores per cpu, 1 threads per core) family 6 model 23 stepping 10, cmov, cx8, fxsr, mmx, sse, sse2, sse3, ssse3, sse4.1

Memory: 4k page, physical 3007672k(999684k free), swap 6013588k(3690368k free)

vm_info: Java HotSpot(TM) Client VM (22.1-b02) for windows-x86 JRE (1.7.0_03-b05), built on Feb  3 2012 20:43:37 by "java_re" with unknown MS VC++:1600

time: Tue Jun 26 16:30:18 2012
elapsed time: 166 seconds

